<?xml version="1.0" encoding="UTF-8"?>
<testExecutions version="1">
  <file path="H:\Michele\Università\Magistrale Polito\Software Engineering II\SPG\SPG\client\src\pages\ShopEmployee.test.js">
    <testCase name="ShopEmployee renders without crashing" duration="30"/>
    <testCase name="ShopEmployee renders buttons" duration="37"/>
  </file>
  <file path="H:\Michele\Università\Magistrale Polito\Software Engineering II\SPG\SPG\client\src\App.test.js">
    <testCase name="App renders without crashing" duration="127"/>
  </file>
  <file path="H:\Michele\Università\Magistrale Polito\Software Engineering II\SPG\SPG\client\src\pages\Login.test.js">
    <testCase name="LoginForm renders without crashing" duration="56"/>
    <testCase name="Login renders username text" duration="14"/>
    <testCase name="Login renders password text" duration="7"/>
    <testCase name="Username and Password fields Should be in the document and free of text" duration="108"/>
    <testCase name="The entered username should be shown" duration="97"/>
    <testCase name="The entered password should be shown" duration="194"/>
  </file>
</testExecutions>